current directory: C:/prog/Rails-Local/biker-app/little-by-little-git-heroku/biker-app-git/vendor/bundle/ruby/2.4.0/gems/rmagick-2.13.4/ext/RMagick
C:/Ruby24-x64/bin/ruby.exe -r ./siteconf20200217-9712-81olnr.rb extconf.rb
checking for Ruby version >= 1.8.5... yes
無効なドライブ指定です。
Unable to get ImageMagick version
*** extconf.rb failed ***
Could not create Makefile due to some reason, probably lack of necessary
libraries and/or headers.  Check the mkmf.log file for more details.  You may
need configuration options.

Provided configuration options:
	--with-opt-dir
	--without-opt-dir
	--with-opt-include
	--without-opt-include=${opt-dir}/include
	--with-opt-lib
	--without-opt-lib=${opt-dir}/lib
	--with-make-prog
	--without-make-prog
	--srcdir=.
	--curdir
	--ruby=C:/Ruby24-x64/bin/$(RUBY_BASE_NAME)

To see why this extension failed to compile, please check the mkmf.log which can be found here:

  C:/prog/Rails-Local/biker-app/little-by-little-git-heroku/biker-app-git/vendor/bundle/ruby/2.4.0/extensions/x64-mingw32/2.4.0/rmagick-2.13.4/mkmf.log

extconf failed, exit code 1
